# JRE version: OpenJDK Runtime Environment (8.0_152-b02) (build 1.8.0_152-release-1024-b02)
# Java VM: OpenJDK 64-Bit Server VM (25.152-b02 mixed mode windows-amd64 compressed oops)
Heap:
 PSYoungGen      total 68608K, used 52045K [0x00000000e0000000, 0x00000000e9000000, 0x0000000100000000)
  eden space 63488K, 81% used [0x00000000e0000000,0x00000000e32d3550,0x00000000e3e00000)
  from space 5120K, 0% used [0x00000000e3e00000,0x00000000e3e00000,0x00000000e4300000)
  to   space 10240K, 0% used [0x00000000e8600000,0x00000000e8600000,0x00000000e9000000)
 ParOldGen       total 50688K, used 8680K [0x00000000a0000000, 0x00000000a3180000, 0x00000000e0000000)
  object space 50688K, 17% used [0x00000000a0000000,0x00000000a087a330,0x00000000a3180000)
 Metaspace       used 25843K, capacity 26258K, committed 26496K, reserved 1073152K
  class space    used 3540K, capacity 3690K, committed 3712K, reserved 1048576K
GC Heap History (10 events):
Event: 1.134 GC heap before
{Heap before GC invocations=2 (full 0):
 PSYoungGen      total 36864K, used 35824K [0x00000000e0000000, 0x00000000e2900000, 0x0000000100000000)
  eden space 31744K, 100% used [0x00000000e0000000,0x00000000e1f00000,0x00000000e1f00000)
  from space 5120K, 79% used [0x00000000e1f00000,0x00000000e22fc1d8,0x00000000e2400000)
  to   space 5120K, 0% used [0x00000000e2400000,0x00000000e2400000,0x00000000e2900000)
 ParOldGen       total 84992K, used 8K [0x00000000a0000000, 0x00000000a5300000, 0x00000000e0000000)
  object space 84992K, 0% used [0x00000000a0000000,0x00000000a0002018,0x00000000a5300000)
 Metaspace       used 10341K, capacity 10504K, committed 10752K, reserved 1058816K
  class space    used 1356K, capacity 1454K, committed 1536K, reserved 1048576K
Event: 1.141 GC heap after
Heap after GC invocations=2 (full 0):
 PSYoungGen      total 36864K, used 4911K [0x00000000e0000000, 0x00000000e4800000, 0x0000000100000000)
  eden space 31744K, 0% used [0x00000000e0000000,0x00000000e0000000,0x00000000e1f00000)
  from space 5120K, 95% used [0x00000000e2400000,0x00000000e28cbfc8,0x00000000e2900000)
  to   space 5120K, 0% used [0x00000000e1f00000,0x00000000e1f00000,0x00000000e2400000)
 ParOldGen       total 84992K, used 16K [0x00000000a0000000, 0x00000000a5300000, 0x00000000e0000000)
  object space 84992K, 0% used [0x00000000a0000000,0x00000000a0004018,0x00000000a5300000)
 Metaspace       used 10341K, capacity 10504K, committed 10752K, reserved 1058816K
  class space    used 1356K, capacity 1454K, committed 1536K, reserved 1048576K
}
Event: 1.757 GC heap before
{Heap before GC invocations=3 (full 0):
 PSYoungGen      total 36864K, used 36655K [0x00000000e0000000, 0x00000000e4800000, 0x0000000100000000)
  eden space 31744K, 100% used [0x00000000e0000000,0x00000000e1f00000,0x00000000e1f00000)
  from space 5120K, 95% used [0x00000000e2400000,0x00000000e28cbfc8,0x00000000e2900000)
  to   space 5120K, 0% used [0x00000000e1f00000,0x00000000e1f00000,0x00000000e2400000)
 ParOldGen       total 84992K, used 22K [0x00000000a0000000, 0x00000000a5300000, 0x00000000e0000000)
  object space 84992K, 0% used [0x00000000a0000000,0x00000000a0005be0,0x00000000a5300000)
 Metaspace       used 13565K, capacity 13916K, committed 14080K, reserved 1060864K
  class space    used 1882K, capacity 2028K, committed 2048K, reserved 1048576K
Event: 1.775 GC heap after
Heap after GC invocations=3 (full 0):
 PSYoungGen      total 36864K, used 5102K [0x00000000e0000000, 0x00000000e4800000, 0x0000000100000000)
  eden space 31744K, 0% used [0x00000000e0000000,0x00000000e0000000,0x00000000e1f00000)
  from space 5120K, 99% used [0x00000000e1f00000,0x00000000e23fbaf8,0x00000000e2400000)
  to   space 5120K, 0% used [0x00000000e4300000,0x00000000e4300000,0x00000000e4800000)
 ParOldGen       total 84992K, used 1384K [0x00000000a0000000, 0x00000000a5300000, 0x00000000e0000000)
  object space 84992K, 1% used [0x00000000a0000000,0x00000000a015a098,0x00000000a5300000)
 Metaspace       used 13565K, capacity 13916K, committed 14080K, reserved 1060864K
  class space    used 1882K, capacity 2028K, committed 2048K, reserved 1048576K
}
Event: 2.406 GC heap before
{Heap before GC invocations=4 (full 0):
 PSYoungGen      total 36864K, used 36846K [0x00000000e0000000, 0x00000000e4800000, 0x0000000100000000)
  eden space 31744K, 100% used [0x00000000e0000000,0x00000000e1f00000,0x00000000e1f00000)
  from space 5120K, 99% used [0x00000000e1f00000,0x00000000e23fbaf8,0x00000000e2400000)
  to   space 5120K, 0% used [0x00000000e4300000,0x00000000e4300000,0x00000000e4800000)
 ParOldGen       total 84992K, used 1384K [0x00000000a0000000, 0x00000000a5300000, 0x00000000e0000000)
  object space 84992K, 1% used [0x00000000a0000000,0x00000000a015a098,0x00000000a5300000)
 Metaspace       used 16742K, capacity 17052K, committed 17152K, reserved 1064960K
  class space    used 2411K, capacity 2540K, committed 2560K, reserved 1048576K
Event: 2.638 GC heap after
Heap after GC invocations=4 (full 0):
 PSYoungGen      total 68608K, used 5088K [0x00000000e0000000, 0x00000000e4800000, 0x0000000100000000)
  eden space 63488K, 0% used [0x00000000e0000000,0x00000000e0000000,0x00000000e3e00000)
  from space 5120K, 99% used [0x00000000e4300000,0x00000000e47f8020,0x00000000e4800000)
  to   space 5120K, 0% used [0x00000000e3e00000,0x00000000e3e00000,0x00000000e4300000)
 ParOldGen       total 84992K, used 4424K [0x00000000a0000000, 0x00000000a5300000, 0x00000000e0000000)
  object space 84992K, 5% used [0x00000000a0000000,0x00000000a0452078,0x00000000a5300000)
 Metaspace       used 16742K, capacity 17052K, committed 17152K, reserved 1064960K
  class space    used 2411K, capacity 2540K, committed 2560K, reserved 1048576K
}
Event: 3.037 GC heap before
{Heap before GC invocations=5 (full 0):
 PSYoungGen      total 68608K, used 28515K [0x00000000e0000000, 0x00000000e4800000, 0x0000000100000000)
  eden space 63488K, 36% used [0x00000000e0000000,0x00000000e16e0c98,0x00000000e3e00000)
  from space 5120K, 99% used [0x00000000e4300000,0x00000000e47f8020,0x00000000e4800000)
  to   space 5120K, 0% used [0x00000000e3e00000,0x00000000e3e00000,0x00000000e4300000)
 ParOldGen       total 84992K, used 4424K [0x00000000a0000000, 0x00000000a5300000, 0x00000000e0000000)
  object space 84992K, 5% used [0x00000000a0000000,0x00000000a0452078,0x00000000a5300000)
 Metaspace       used 20829K, capacity 21238K, committed 21248K, reserved 1067008K
  class space    used 2923K, capacity 3071K, committed 3072K, reserved 1048576K
Event: 3.046 GC heap after
Heap after GC invocations=5 (full 0):
 PSYoungGen      total 68608K, used 5110K [0x00000000e0000000, 0x00000000e9000000, 0x0000000100000000)
  eden space 63488K, 0% used [0x00000000e0000000,0x00000000e0000000,0x00000000e3e00000)
  from space 5120K, 99% used [0x00000000e3e00000,0x00000000e42fda68,0x00000000e4300000)
  to   space 10240K, 0% used [0x00000000e8600000,0x00000000e8600000,0x00000000e9000000)
 ParOldGen       total 84992K, used 7988K [0x00000000a0000000, 0x00000000a5300000, 0x00000000e0000000)
  object space 84992K, 9% used [0x00000000a0000000,0x00000000a07cd258,0x00000000a5300000)
 Metaspace       used 20829K, capacity 21238K, committed 21248K, reserved 1067008K
  class space    used 2923K, capacity 3071K, committed 3072K, reserved 1048576K
}
Event: 3.046 GC heap before
{Heap before GC invocations=6 (full 1):
 PSYoungGen      total 68608K, used 5110K [0x00000000e0000000, 0x00000000e9000000, 0x0000000100000000)
  eden space 63488K, 0% used [0x00000000e0000000,0x00000000e0000000,0x00000000e3e00000)
  from space 5120K, 99% used [0x00000000e3e00000,0x00000000e42fda68,0x00000000e4300000)
  to   space 10240K, 0% used [0x00000000e8600000,0x00000000e8600000,0x00000000e9000000)
 ParOldGen       total 84992K, used 7988K [0x00000000a0000000, 0x00000000a5300000, 0x00000000e0000000)
  object space 84992K, 9% used [0x00000000a0000000,0x00000000a07cd258,0x00000000a5300000)
 Metaspace       used 20829K, capacity 21238K, committed 21248K, reserved 1067008K
  class space    used 2923K, capacity 3071K, committed 3072K, reserved 1048576K
Event: 3.089 GC heap after
Heap after GC invocations=6 (full 1):
 PSYoungGen      total 68608K, used 0K [0x00000000e0000000, 0x00000000e9000000, 0x0000000100000000)
  eden space 63488K, 0% used [0x00000000e0000000,0x00000000e0000000,0x00000000e3e00000)
  from space 5120K, 0% used [0x00000000e3e00000,0x00000000e3e00000,0x00000000e4300000)
  to   space 10240K, 0% used [0x00000000e8600000,0x00000000e8600000,0x00000000e9000000)
 ParOldGen       total 50688K, used 8680K [0x00000000a0000000, 0x00000000a3180000, 0x00000000e0000000)
  object space 50688K, 17% used [0x00000000a0000000,0x00000000a087a330,0x00000000a3180000)
 Metaspace       used 20829K, capacity 21238K, committed 21248K, reserved 1067008K
  class space    used 2923K, capacity 3071K, committed 3072K, reserved 1048576K
}

