# JRE version: OpenJDK Runtime Environment (8.0_152-b02) (build 1.8.0_152-release-1024-b02)
# Java VM: OpenJDK 64-Bit Server VM (25.152-b02 mixed mode windows-amd64 compressed oops)
Heap:
 PSYoungGen      total 369152K, used 240452K [0x00000000e0000000, 0x0000000100000000, 0x0000000100000000)
  eden space 286208K, 55% used [0x00000000e0000000,0x00000000e99e34c0,0x00000000f1780000)
  from space 82944K, 99% used [0x00000000f1780000,0x00000000f686dc88,0x00000000f6880000)
  to   space 124416K, 0% used [0x00000000f8680000,0x00000000f8680000,0x0000000100000000)
 ParOldGen       total 513024K, used 118395K [0x00000000a0000000, 0x00000000bf500000, 0x00000000e0000000)
  object space 513024K, 23% used [0x00000000a0000000,0x00000000a739ef28,0x00000000bf500000)
 Metaspace       used 117266K, capacity 126146K, committed 128640K, reserved 1161216K
  class space    used 13997K, capacity 15672K, committed 16000K, reserved 1048576K
GC Heap History (10 events):
Event: 42095.079 GC heap before
{Heap before GC invocations=1104 (full 64):
 PSYoungGen      total 396288K, used 296066K [0x00000000e0000000, 0x00000000ffc00000, 0x0000000100000000)
  eden space 278528K, 100% used [0x00000000e0000000,0x00000000f1000000,0x00000000f1000000)
  from space 117760K, 14% used [0x00000000f1000000,0x00000000f2120ba8,0x00000000f8300000)
  to   space 112640K, 0% used [0x00000000f8e00000,0x00000000f8e00000,0x00000000ffc00000)
 ParOldGen       total 527360K, used 372380K [0x00000000a0000000, 0x00000000c0300000, 0x00000000e0000000)
  object space 527360K, 70% used [0x00000000a0000000,0x00000000b6ba7358,0x00000000c0300000)
 Metaspace       used 118783K, capacity 127762K, committed 128640K, reserved 1161216K
  class space    used 14152K, capacity 15852K, committed 16000K, reserved 1048576K
Event: 42095.147 GC heap after
Heap after GC invocations=1104 (full 64):
 PSYoungGen      total 405504K, used 59863K [0x00000000e0000000, 0x00000000fff00000, 0x0000000100000000)
  eden space 292864K, 0% used [0x00000000e0000000,0x00000000e0000000,0x00000000f1e00000)
  from space 112640K, 53% used [0x00000000f8e00000,0x00000000fc875ff8,0x00000000ffc00000)
  to   space 114688K, 0% used [0x00000000f1e00000,0x00000000f1e00000,0x00000000f8e00000)
 ParOldGen       total 527360K, used 382643K [0x00000000a0000000, 0x00000000c0300000, 0x00000000e0000000)
  object space 527360K, 72% used [0x00000000a0000000,0x00000000b75acfc8,0x00000000c0300000)
 Metaspace       used 118783K, capacity 127762K, committed 128640K, reserved 1161216K
  class space    used 14152K, capacity 15852K, committed 16000K, reserved 1048576K
}
Event: 42098.318 GC heap before
{Heap before GC invocations=1105 (full 64):
 PSYoungGen      total 405504K, used 352727K [0x00000000e0000000, 0x00000000fff00000, 0x0000000100000000)
  eden space 292864K, 100% used [0x00000000e0000000,0x00000000f1e00000,0x00000000f1e00000)
  from space 112640K, 53% used [0x00000000f8e00000,0x00000000fc875ff8,0x00000000ffc00000)
  to   space 114688K, 0% used [0x00000000f1e00000,0x00000000f1e00000,0x00000000f8e00000)
 ParOldGen       total 527360K, used 382643K [0x00000000a0000000, 0x00000000c0300000, 0x00000000e0000000)
  object space 527360K, 72% used [0x00000000a0000000,0x00000000b75acfc8,0x00000000c0300000)
 Metaspace       used 119325K, capacity 128318K, committed 128640K, reserved 1161216K
  class space    used 14194K, capacity 15886K, committed 16000K, reserved 1048576K
Event: 42098.443 GC heap after
Heap after GC invocations=1105 (full 64):
 PSYoungGen      total 370688K, used 77559K [0x00000000e0000000, 0x0000000100000000, 0x0000000100000000)
  eden space 292864K, 0% used [0x00000000e0000000,0x00000000e0000000,0x00000000f1e00000)
  from space 77824K, 99% used [0x00000000f1e00000,0x00000000f69bdfe8,0x00000000f6a00000)
  to   space 122368K, 0% used [0x00000000f8880000,0x00000000f8880000,0x0000000100000000)
 ParOldGen       total 527360K, used 433382K [0x00000000a0000000, 0x00000000c0300000, 0x00000000e0000000)
  object space 527360K, 82% used [0x00000000a0000000,0x00000000ba739928,0x00000000c0300000)
 Metaspace       used 119325K, capacity 128318K, committed 128640K, reserved 1161216K
  class space    used 14194K, capacity 15886K, committed 16000K, reserved 1048576K
}
Event: 42112.415 GC heap before
{Heap before GC invocations=1106 (full 64):
 PSYoungGen      total 370688K, used 370423K [0x00000000e0000000, 0x0000000100000000, 0x0000000100000000)
  eden space 292864K, 100% used [0x00000000e0000000,0x00000000f1e00000,0x00000000f1e00000)
  from space 77824K, 99% used [0x00000000f1e00000,0x00000000f69bdfe8,0x00000000f6a00000)
  to   space 122368K, 0% used [0x00000000f8880000,0x00000000f8880000,0x0000000100000000)
 ParOldGen       total 527360K, used 433382K [0x00000000a0000000, 0x00000000c0300000, 0x00000000e0000000)
  object space 527360K, 82% used [0x00000000a0000000,0x00000000ba739928,0x00000000c0300000)
 Metaspace       used 119325K, capacity 128318K, committed 128640K, reserved 1161216K
  class space    used 14194K, capacity 15886K, committed 16000K, reserved 1048576K
Event: 42112.496 GC heap after
Heap after GC invocations=1106 (full 64):
 PSYoungGen      total 408576K, used 28979K [0x00000000e0000000, 0x0000000100000000, 0x0000000100000000)
  eden space 286208K, 0% used [0x00000000e0000000,0x00000000e0000000,0x00000000f1780000)
  from space 122368K, 23% used [0x00000000f8880000,0x00000000fa4cccf8,0x0000000100000000)
  to   space 115712K, 0% used [0x00000000f1780000,0x00000000f1780000,0x00000000f8880000)
 ParOldGen       total 527360K, used 498478K [0x00000000a0000000, 0x00000000c0300000, 0x00000000e0000000)
  object space 527360K, 94% used [0x00000000a0000000,0x00000000be6cb8d0,0x00000000c0300000)
 Metaspace       used 119325K, capacity 128318K, committed 128640K, reserved 1161216K
  class space    used 14194K, capacity 15886K, committed 16000K, reserved 1048576K
}
Event: 42112.497 GC heap before
{Heap before GC invocations=1107 (full 65):
 PSYoungGen      total 408576K, used 28979K [0x00000000e0000000, 0x0000000100000000, 0x0000000100000000)
  eden space 286208K, 0% used [0x00000000e0000000,0x00000000e0000000,0x00000000f1780000)
  from space 122368K, 23% used [0x00000000f8880000,0x00000000fa4cccf8,0x0000000100000000)
  to   space 115712K, 0% used [0x00000000f1780000,0x00000000f1780000,0x00000000f8880000)
 ParOldGen       total 527360K, used 498478K [0x00000000a0000000, 0x00000000c0300000, 0x00000000e0000000)
  object space 527360K, 94% used [0x00000000a0000000,0x00000000be6cb8d0,0x00000000c0300000)
 Metaspace       used 119325K, capacity 128318K, committed 128640K, reserved 1161216K
  class space    used 14194K, capacity 15886K, committed 16000K, reserved 1048576K
Event: 42112.849 GC heap after
Heap after GC invocations=1107 (full 65):
 PSYoungGen      total 408576K, used 0K [0x00000000e0000000, 0x0000000100000000, 0x0000000100000000)
  eden space 286208K, 0% used [0x00000000e0000000,0x00000000e0000000,0x00000000f1780000)
  from space 122368K, 0% used [0x00000000f8880000,0x00000000f8880000,0x0000000100000000)
  to   space 115712K, 0% used [0x00000000f1780000,0x00000000f1780000,0x00000000f8880000)
 ParOldGen       total 513024K, used 118395K [0x00000000a0000000, 0x00000000bf500000, 0x00000000e0000000)
  object space 513024K, 23% used [0x00000000a0000000,0x00000000a739ef28,0x00000000bf500000)
 Metaspace       used 117266K, capacity 126146K, committed 128640K, reserved 1161216K
  class space    used 13997K, capacity 15672K, committed 16000K, reserved 1048576K
}
Event: 42113.318 GC heap before
{Heap before GC invocations=1108 (full 65):
 PSYoungGen      total 408576K, used 286208K [0x00000000e0000000, 0x0000000100000000, 0x0000000100000000)
  eden space 286208K, 100% used [0x00000000e0000000,0x00000000f1780000,0x00000000f1780000)
  from space 122368K, 0% used [0x00000000f8880000,0x00000000f8880000,0x0000000100000000)
  to   space 115712K, 0% used [0x00000000f1780000,0x00000000f1780000,0x00000000f8880000)
 ParOldGen       total 513024K, used 118395K [0x00000000a0000000, 0x00000000bf500000, 0x00000000e0000000)
  object space 513024K, 23% used [0x00000000a0000000,0x00000000a739ef28,0x00000000bf500000)
 Metaspace       used 117266K, capacity 126146K, committed 128640K, reserved 1161216K
  class space    used 13997K, capacity 15672K, committed 16000K, reserved 1048576K
Event: 42113.415 GC heap after
Heap after GC invocations=1108 (full 65):
 PSYoungGen      total 369152K, used 82871K [0x00000000e0000000, 0x0000000100000000, 0x0000000100000000)
  eden space 286208K, 0% used [0x00000000e0000000,0x00000000e0000000,0x00000000f1780000)
  from space 82944K, 99% used [0x00000000f1780000,0x00000000f686dc88,0x00000000f6880000)
  to   space 124416K, 0% used [0x00000000f8680000,0x00000000f8680000,0x0000000100000000)
 ParOldGen       total 513024K, used 118395K [0x00000000a0000000, 0x00000000bf500000, 0x00000000e0000000)
  object space 513024K, 23% used [0x00000000a0000000,0x00000000a739ef28,0x00000000bf500000)
 Metaspace       used 117266K, capacity 126146K, committed 128640K, reserved 1161216K
  class space    used 13997K, capacity 15672K, committed 16000K, reserved 1048576K
}

