# JRE version: OpenJDK Runtime Environment (8.0_152-b02) (build 1.8.0_152-release-1024-b02)
# Java VM: OpenJDK 64-Bit Server VM (25.152-b02 mixed mode windows-amd64 compressed oops)
Heap:
 PSYoungGen      total 416256K, used 15975K [0x00000000e0000000, 0x00000000ff880000, 0x0000000100000000)
  eden space 313856K, 1% used [0x00000000e0000000,0x00000000e05b2ed8,0x00000000f3280000)
  from space 102400K, 9% used [0x00000000f3280000,0x00000000f3c66f50,0x00000000f9680000)
  to   space 98304K, 0% used [0x00000000f9880000,0x00000000f9880000,0x00000000ff880000)
 ParOldGen       total 407040K, used 317745K [0x00000000a0000000, 0x00000000b8d80000, 0x00000000e0000000)
  object space 407040K, 78% used [0x00000000a0000000,0x00000000b364c6c0,0x00000000b8d80000)
 Metaspace       used 108378K, capacity 116566K, committed 116736K, reserved 1150976K
  class space    used 13262K, capacity 14799K, committed 14848K, reserved 1048576K
GC Heap History (10 events):
Event: 14430.568 GC heap before
{Heap before GC invocations=249 (full 20):
 PSYoungGen      total 407552K, used 332125K [0x00000000e0000000, 0x00000000ff780000, 0x0000000100000000)
  eden space 299520K, 99% used [0x00000000e0000000,0x00000000f23a11a0,0x00000000f2480000)
  from space 108032K, 31% used [0x00000000f8e00000,0x00000000faeb6570,0x00000000ff780000)
  to   space 108032K, 0% used [0x00000000f2480000,0x00000000f2480000,0x00000000f8e00000)
 ParOldGen       total 407040K, used 273549K [0x00000000a0000000, 0x00000000b8d80000, 0x00000000e0000000)
  object space 407040K, 67% used [0x00000000a0000000,0x00000000b0b236a0,0x00000000b8d80000)
 Metaspace       used 107500K, capacity 115538K, committed 116224K, reserved 1150976K
  class space    used 13185K, capacity 14710K, committed 14848K, reserved 1048576K
Event: 14430.613 GC heap after
Heap after GC invocations=249 (full 20):
 PSYoungGen      total 407552K, used 14223K [0x00000000e0000000, 0x00000000ffc00000, 0x0000000100000000)
  eden space 299520K, 0% used [0x00000000e0000000,0x00000000e0000000,0x00000000f2480000)
  from space 108032K, 13% used [0x00000000f2480000,0x00000000f3263c30,0x00000000f8e00000)
  to   space 105984K, 0% used [0x00000000f9480000,0x00000000f9480000,0x00000000ffc00000)
 ParOldGen       total 407040K, used 305621K [0x00000000a0000000, 0x00000000b8d80000, 0x00000000e0000000)
  object space 407040K, 75% used [0x00000000a0000000,0x00000000b2a75590,0x00000000b8d80000)
 Metaspace       used 107500K, capacity 115538K, committed 116224K, reserved 1150976K
  class space    used 13185K, capacity 14710K, committed 14848K, reserved 1048576K
}
Event: 14430.642 GC heap before
{Heap before GC invocations=250 (full 20):
 PSYoungGen      total 407552K, used 312894K [0x00000000e0000000, 0x00000000ffc00000, 0x0000000100000000)
  eden space 299520K, 99% used [0x00000000e0000000,0x00000000f23abfb8,0x00000000f2480000)
  from space 108032K, 13% used [0x00000000f2480000,0x00000000f3263c30,0x00000000f8e00000)
  to   space 105984K, 0% used [0x00000000f9480000,0x00000000f9480000,0x00000000ffc00000)
 ParOldGen       total 407040K, used 305621K [0x00000000a0000000, 0x00000000b8d80000, 0x00000000e0000000)
  object space 407040K, 75% used [0x00000000a0000000,0x00000000b2a75590,0x00000000b8d80000)
 Metaspace       used 107500K, capacity 115538K, committed 116224K, reserved 1150976K
  class space    used 13185K, capacity 14710K, committed 14848K, reserved 1048576K
Event: 14430.651 GC heap after
Heap after GC invocations=250 (full 20):
 PSYoungGen      total 414208K, used 96K [0x00000000e0000000, 0x00000000ffe00000, 0x0000000100000000)
  eden space 308224K, 0% used [0x00000000e0000000,0x00000000e0000000,0x00000000f2d00000)
  from space 105984K, 0% used [0x00000000f9480000,0x00000000f9498000,0x00000000ffc00000)
  to   space 105984K, 0% used [0x00000000f2d00000,0x00000000f2d00000,0x00000000f9480000)
 ParOldGen       total 407040K, used 317633K [0x00000000a0000000, 0x00000000b8d80000, 0x00000000e0000000)
  object space 407040K, 78% used [0x00000000a0000000,0x00000000b36306c0,0x00000000b8d80000)
 Metaspace       used 107500K, capacity 115538K, committed 116224K, reserved 1150976K
  class space    used 13185K, capacity 14710K, committed 14848K, reserved 1048576K
}
Event: 14430.678 GC heap before
{Heap before GC invocations=251 (full 20):
 PSYoungGen      total 414208K, used 308198K [0x00000000e0000000, 0x00000000ffe00000, 0x0000000100000000)
  eden space 308224K, 99% used [0x00000000e0000000,0x00000000f2ce1ad8,0x00000000f2d00000)
  from space 105984K, 0% used [0x00000000f9480000,0x00000000f9498000,0x00000000ffc00000)
  to   space 105984K, 0% used [0x00000000f2d00000,0x00000000f2d00000,0x00000000f9480000)
 ParOldGen       total 407040K, used 317633K [0x00000000a0000000, 0x00000000b8d80000, 0x00000000e0000000)
  object space 407040K, 78% used [0x00000000a0000000,0x00000000b36306c0,0x00000000b8d80000)
 Metaspace       used 107500K, capacity 115538K, committed 116224K, reserved 1150976K
  class space    used 13185K, capacity 14710K, committed 14848K, reserved 1048576K
Event: 14430.681 GC heap after
Heap after GC invocations=251 (full 20):
 PSYoungGen      total 414208K, used 128K [0x00000000e0000000, 0x00000000ffd00000, 0x0000000100000000)
  eden space 308224K, 0% used [0x00000000e0000000,0x00000000e0000000,0x00000000f2d00000)
  from space 105984K, 0% used [0x00000000f2d00000,0x00000000f2d20000,0x00000000f9480000)
  to   space 104448K, 0% used [0x00000000f9700000,0x00000000f9700000,0x00000000ffd00000)
 ParOldGen       total 407040K, used 317673K [0x00000000a0000000, 0x00000000b8d80000, 0x00000000e0000000)
  object space 407040K, 78% used [0x00000000a0000000,0x00000000b363a6c0,0x00000000b8d80000)
 Metaspace       used 107500K, capacity 115538K, committed 116224K, reserved 1150976K
  class space    used 13185K, capacity 14710K, committed 14848K, reserved 1048576K
}
Event: 14430.710 GC heap before
{Heap before GC invocations=252 (full 20):
 PSYoungGen      total 414208K, used 307963K [0x00000000e0000000, 0x00000000ffd00000, 0x0000000100000000)
  eden space 308224K, 99% used [0x00000000e0000000,0x00000000f2c9eec0,0x00000000f2d00000)
  from space 105984K, 0% used [0x00000000f2d00000,0x00000000f2d20000,0x00000000f9480000)
  to   space 104448K, 0% used [0x00000000f9700000,0x00000000f9700000,0x00000000ffd00000)
 ParOldGen       total 407040K, used 317673K [0x00000000a0000000, 0x00000000b8d80000, 0x00000000e0000000)
  object space 407040K, 78% used [0x00000000a0000000,0x00000000b363a6c0,0x00000000b8d80000)
 Metaspace       used 107500K, capacity 115538K, committed 116224K, reserved 1150976K
  class space    used 13185K, capacity 14710K, committed 14848K, reserved 1048576K
Event: 14430.714 GC heap after
Heap after GC invocations=252 (full 20):
 PSYoungGen      total 415744K, used 128K [0x00000000e0000000, 0x00000000ffa80000, 0x0000000100000000)
  eden space 313856K, 0% used [0x00000000e0000000,0x00000000e0000000,0x00000000f3280000)
  from space 101888K, 0% used [0x00000000f9700000,0x00000000f9720000,0x00000000ffa80000)
  to   space 102400K, 0% used [0x00000000f3280000,0x00000000f3280000,0x00000000f9680000)
 ParOldGen       total 407040K, used 317721K [0x00000000a0000000, 0x00000000b8d80000, 0x00000000e0000000)
  object space 407040K, 78% used [0x00000000a0000000,0x00000000b36466c0,0x00000000b8d80000)
 Metaspace       used 107500K, capacity 115538K, committed 116224K, reserved 1150976K
  class space    used 13185K, capacity 14710K, committed 14848K, reserved 1048576K
}
Event: 14470.124 GC heap before
{Heap before GC invocations=253 (full 20):
 PSYoungGen      total 415744K, used 313984K [0x00000000e0000000, 0x00000000ffa80000, 0x0000000100000000)
  eden space 313856K, 100% used [0x00000000e0000000,0x00000000f3280000,0x00000000f3280000)
  from space 101888K, 0% used [0x00000000f9700000,0x00000000f9720000,0x00000000ffa80000)
  to   space 102400K, 0% used [0x00000000f3280000,0x00000000f3280000,0x00000000f9680000)
 ParOldGen       total 407040K, used 317721K [0x00000000a0000000, 0x00000000b8d80000, 0x00000000e0000000)
  object space 407040K, 78% used [0x00000000a0000000,0x00000000b36466c0,0x00000000b8d80000)
 Metaspace       used 108350K, capacity 116558K, committed 116736K, reserved 1150976K
  class space    used 13262K, capacity 14799K, committed 14848K, reserved 1048576K
Event: 14470.160 GC heap after
Heap after GC invocations=253 (full 20):
 PSYoungGen      total 416256K, used 10139K [0x00000000e0000000, 0x00000000ff880000, 0x0000000100000000)
  eden space 313856K, 0% used [0x00000000e0000000,0x00000000e0000000,0x00000000f3280000)
  from space 102400K, 9% used [0x00000000f3280000,0x00000000f3c66f50,0x00000000f9680000)
  to   space 98304K, 0% used [0x00000000f9880000,0x00000000f9880000,0x00000000ff880000)
 ParOldGen       total 407040K, used 317745K [0x00000000a0000000, 0x00000000b8d80000, 0x00000000e0000000)
  object space 407040K, 78% used [0x00000000a0000000,0x00000000b364c6c0,0x00000000b8d80000)
 Metaspace       used 108350K, capacity 116558K, committed 116736K, reserved 1150976K
  class space    used 13262K, capacity 14799K, committed 14848K, reserved 1048576K
}

