# JRE version: OpenJDK Runtime Environment (8.0_152-b02) (build 1.8.0_152-release-1024-b02)
# Java VM: OpenJDK 64-Bit Server VM (25.152-b02 mixed mode windows-amd64 compressed oops)
Heap:
 PSYoungGen      total 406016K, used 228215K [0x00000000e0000000, 0x0000000100000000, 0x0000000100000000)
  eden space 285184K, 73% used [0x00000000e0000000,0x00000000ecd2a460,0x00000000f1680000)
  from space 120832K, 15% used [0x00000000f8a00000,0x00000000f9bb3848,0x0000000100000000)
  to   space 118272K, 0% used [0x00000000f1680000,0x00000000f1680000,0x00000000f8a00000)
 ParOldGen       total 471552K, used 318977K [0x00000000a0000000, 0x00000000bcc80000, 0x00000000e0000000)
  object space 471552K, 67% used [0x00000000a0000000,0x00000000b3780790,0x00000000bcc80000)
 Metaspace       used 101466K, capacity 108090K, committed 108416K, reserved 1144832K
  class space    used 12532K, capacity 13829K, committed 13952K, reserved 1048576K
GC Heap History (10 events):
Event: 9400.910 GC heap before
{Heap before GC invocations=148 (full 14):
 PSYoungGen      total 401920K, used 285590K [0x00000000e0000000, 0x0000000100000000, 0x0000000100000000)
  eden space 279552K, 100% used [0x00000000e0000000,0x00000000f1100000,0x00000000f1100000)
  from space 122368K, 4% used [0x00000000f1100000,0x00000000f16e5a10,0x00000000f8880000)
  to   space 122368K, 0% used [0x00000000f8880000,0x00000000f8880000,0x0000000100000000)
 ParOldGen       total 471552K, used 187676K [0x00000000a0000000, 0x00000000bcc80000, 0x00000000e0000000)
  object space 471552K, 39% used [0x00000000a0000000,0x00000000ab7472c0,0x00000000bcc80000)
 Metaspace       used 100201K, capacity 106758K, committed 107904K, reserved 1142784K
  class space    used 12426K, capacity 13713K, committed 13952K, reserved 1048576K
Event: 9400.921 GC heap after
Heap after GC invocations=148 (full 14):
 PSYoungGen      total 391680K, used 29602K [0x00000000e0000000, 0x00000000ff600000, 0x0000000100000000)
  eden space 279552K, 0% used [0x00000000e0000000,0x00000000e0000000,0x00000000f1100000)
  from space 112128K, 26% used [0x00000000f8880000,0x00000000fa5688f0,0x00000000ff600000)
  to   space 117248K, 0% used [0x00000000f1100000,0x00000000f1100000,0x00000000f8380000)
 ParOldGen       total 471552K, used 190586K [0x00000000a0000000, 0x00000000bcc80000, 0x00000000e0000000)
  object space 471552K, 40% used [0x00000000a0000000,0x00000000aba1e9e8,0x00000000bcc80000)
 Metaspace       used 100201K, capacity 106758K, committed 107904K, reserved 1142784K
  class space    used 12426K, capacity 13713K, committed 13952K, reserved 1048576K
}
Event: 9480.468 GC heap before
{Heap before GC invocations=149 (full 14):
 PSYoungGen      total 391680K, used 309154K [0x00000000e0000000, 0x00000000ff600000, 0x0000000100000000)
  eden space 279552K, 100% used [0x00000000e0000000,0x00000000f1100000,0x00000000f1100000)
  from space 112128K, 26% used [0x00000000f8880000,0x00000000fa5688f0,0x00000000ff600000)
  to   space 117248K, 0% used [0x00000000f1100000,0x00000000f1100000,0x00000000f8380000)
 ParOldGen       total 471552K, used 190589K [0x00000000a0000000, 0x00000000bcc80000, 0x00000000e0000000)
  object space 471552K, 40% used [0x00000000a0000000,0x00000000aba1f4c8,0x00000000bcc80000)
 Metaspace       used 100349K, capacity 106876K, committed 108160K, reserved 1142784K
  class space    used 12434K, capacity 13722K, committed 13952K, reserved 1048576K
Event: 9480.491 GC heap after
Heap after GC invocations=149 (full 14):
 PSYoungGen      total 396800K, used 11687K [0x00000000e0000000, 0x0000000100000000, 0x0000000100000000)
  eden space 279552K, 0% used [0x00000000e0000000,0x00000000e0000000,0x00000000f1100000)
  from space 117248K, 9% used [0x00000000f1100000,0x00000000f1c69ca8,0x00000000f8380000)
  to   space 115712K, 0% used [0x00000000f8f00000,0x00000000f8f00000,0x0000000100000000)
 ParOldGen       total 471552K, used 193137K [0x00000000a0000000, 0x00000000bcc80000, 0x00000000e0000000)
  object space 471552K, 40% used [0x00000000a0000000,0x00000000abc9c7a0,0x00000000bcc80000)
 Metaspace       used 100349K, capacity 106876K, committed 108160K, reserved 1142784K
  class space    used 12434K, capacity 13722K, committed 13952K, reserved 1048576K
}
Event: 9484.831 GC heap before
{Heap before GC invocations=150 (full 14):
 PSYoungGen      total 396800K, used 291239K [0x00000000e0000000, 0x0000000100000000, 0x0000000100000000)
  eden space 279552K, 100% used [0x00000000e0000000,0x00000000f1100000,0x00000000f1100000)
  from space 117248K, 9% used [0x00000000f1100000,0x00000000f1c69ca8,0x00000000f8380000)
  to   space 115712K, 0% used [0x00000000f8f00000,0x00000000f8f00000,0x0000000100000000)
 ParOldGen       total 471552K, used 193137K [0x00000000a0000000, 0x00000000bcc80000, 0x00000000e0000000)
  object space 471552K, 40% used [0x00000000a0000000,0x00000000abc9c7a0,0x00000000bcc80000)
 Metaspace       used 100715K, capacity 107336K, committed 108160K, reserved 1142784K
  class space    used 12475K, capacity 13794K, committed 13952K, reserved 1048576K
Event: 9484.902 GC heap after
Heap after GC invocations=150 (full 14):
 PSYoungGen      total 403456K, used 58095K [0x00000000e0000000, 0x00000000ffc80000, 0x0000000100000000)
  eden space 291328K, 0% used [0x00000000e0000000,0x00000000e0000000,0x00000000f1c80000)
  from space 112128K, 51% used [0x00000000f8f00000,0x00000000fc7bbcf0,0x00000000ffc80000)
  to   space 114688K, 0% used [0x00000000f1c80000,0x00000000f1c80000,0x00000000f8c80000)
 ParOldGen       total 471552K, used 204105K [0x00000000a0000000, 0x00000000bcc80000, 0x00000000e0000000)
  object space 471552K, 43% used [0x00000000a0000000,0x00000000ac7526e0,0x00000000bcc80000)
 Metaspace       used 100715K, capacity 107336K, committed 108160K, reserved 1142784K
  class space    used 12475K, capacity 13794K, committed 13952K, reserved 1048576K
}
Event: 9485.991 GC heap before
{Heap before GC invocations=151 (full 14):
 PSYoungGen      total 403456K, used 349423K [0x00000000e0000000, 0x00000000ffc80000, 0x0000000100000000)
  eden space 291328K, 100% used [0x00000000e0000000,0x00000000f1c80000,0x00000000f1c80000)
  from space 112128K, 51% used [0x00000000f8f00000,0x00000000fc7bbcf0,0x00000000ffc80000)
  to   space 114688K, 0% used [0x00000000f1c80000,0x00000000f1c80000,0x00000000f8c80000)
 ParOldGen       total 471552K, used 204105K [0x00000000a0000000, 0x00000000bcc80000, 0x00000000e0000000)
  object space 471552K, 43% used [0x00000000a0000000,0x00000000ac7526e0,0x00000000bcc80000)
 Metaspace       used 101435K, capacity 108026K, committed 108160K, reserved 1142784K
  class space    used 12532K, capacity 13829K, committed 13952K, reserved 1048576K
Event: 9486.105 GC heap after
Heap after GC invocations=151 (full 14):
 PSYoungGen      total 370176K, used 78652K [0x00000000e0000000, 0x0000000100000000, 0x0000000100000000)
  eden space 291328K, 0% used [0x00000000e0000000,0x00000000e0000000,0x00000000f1c80000)
  from space 78848K, 99% used [0x00000000f1c80000,0x00000000f694f190,0x00000000f6980000)
  to   space 120832K, 0% used [0x00000000f8a00000,0x00000000f8a00000,0x0000000100000000)
 ParOldGen       total 471552K, used 253272K [0x00000000a0000000, 0x00000000bcc80000, 0x00000000e0000000)
  object space 471552K, 53% used [0x00000000a0000000,0x00000000af756138,0x00000000bcc80000)
 Metaspace       used 101435K, capacity 108026K, committed 108160K, reserved 1142784K
  class space    used 12532K, capacity 13829K, committed 13952K, reserved 1048576K
}
Event: 9505.959 GC heap before
{Heap before GC invocations=152 (full 14):
 PSYoungGen      total 370176K, used 369980K [0x00000000e0000000, 0x0000000100000000, 0x0000000100000000)
  eden space 291328K, 100% used [0x00000000e0000000,0x00000000f1c80000,0x00000000f1c80000)
  from space 78848K, 99% used [0x00000000f1c80000,0x00000000f694f190,0x00000000f6980000)
  to   space 120832K, 0% used [0x00000000f8a00000,0x00000000f8a00000,0x0000000100000000)
 ParOldGen       total 471552K, used 253272K [0x00000000a0000000, 0x00000000bcc80000, 0x00000000e0000000)
  object space 471552K, 53% used [0x00000000a0000000,0x00000000af756138,0x00000000bcc80000)
 Metaspace       used 101455K, capacity 108090K, committed 108416K, reserved 1144832K
  class space    used 12532K, capacity 13829K, committed 13952K, reserved 1048576K
Event: 9506.043 GC heap after
Heap after GC invocations=152 (full 14):
 PSYoungGen      total 406016K, used 18126K [0x00000000e0000000, 0x0000000100000000, 0x0000000100000000)
  eden space 285184K, 0% used [0x00000000e0000000,0x00000000e0000000,0x00000000f1680000)
  from space 120832K, 15% used [0x00000000f8a00000,0x00000000f9bb3848,0x0000000100000000)
  to   space 118272K, 0% used [0x00000000f1680000,0x00000000f1680000,0x00000000f8a00000)
 ParOldGen       total 471552K, used 318977K [0x00000000a0000000, 0x00000000bcc80000, 0x00000000e0000000)
  object space 471552K, 67% used [0x00000000a0000000,0x00000000b3780790,0x00000000bcc80000)
 Metaspace       used 101455K, capacity 108090K, committed 108416K, reserved 1144832K
  class space    used 12532K, capacity 13829K, committed 13952K, reserved 1048576K
}

