# JRE version: OpenJDK Runtime Environment (8.0_152-b02) (build 1.8.0_152-release-1024-b02)
# Java VM: OpenJDK 64-Bit Server VM (25.152-b02 mixed mode windows-amd64 compressed oops)
Heap:
 PSYoungGen      total 423936K, used 332352K [0x00000000e0000000, 0x00000000ff680000, 0x0000000100000000)
  eden space 332288K, 100% used [0x00000000e0000000,0x00000000f4480000,0x00000000f4480000)
  from space 91648K, 0% used [0x00000000f9d00000,0x00000000f9d10000,0x00000000ff680000)
  to   space 90624K, 8% used [0x00000000f4480000,0x00000000f4c5abf8,0x00000000f9d00000)
 ParOldGen       total 507904K, used 270798K [0x00000000a0000000, 0x00000000bf000000, 0x00000000e0000000)
  object space 507904K, 53% used [0x00000000a0000000,0x00000000b0873b48,0x00000000bf000000)
 Metaspace       used 107772K, capacity 116568K, committed 118912K, reserved 1153024K
  class space    used 13102K, capacity 14740K, committed 15232K, reserved 1048576K
GC Heap History (10 events):
Event: 24109.763 GC heap after
Heap after GC invocations=540 (full 36):
 PSYoungGen      total 422912K, used 64K [0x00000000e0000000, 0x00000000fff80000, 0x0000000100000000)
  eden space 322048K, 0% used [0x00000000e0000000,0x00000000e0000000,0x00000000f3a80000)
  from space 100864K, 0% used [0x00000000f9d00000,0x00000000f9d10000,0x00000000fff80000)
  to   space 100864K, 0% used [0x00000000f3a80000,0x00000000f3a80000,0x00000000f9d00000)
 ParOldGen       total 507904K, used 270646K [0x00000000a0000000, 0x00000000bf000000, 0x00000000e0000000)
  object space 507904K, 53% used [0x00000000a0000000,0x00000000b084db48,0x00000000bf000000)
 Metaspace       used 107711K, capacity 116500K, committed 118912K, reserved 1153024K
  class space    used 13102K, capacity 14740K, committed 15232K, reserved 1048576K
}
Event: 24109.789 GC heap before
{Heap before GC invocations=541 (full 36):
 PSYoungGen      total 422912K, used 321609K [0x00000000e0000000, 0x00000000fff80000, 0x0000000100000000)
  eden space 322048K, 99% used [0x00000000e0000000,0x00000000f3a02668,0x00000000f3a80000)
  from space 100864K, 0% used [0x00000000f9d00000,0x00000000f9d10000,0x00000000fff80000)
  to   space 100864K, 0% used [0x00000000f3a80000,0x00000000f3a80000,0x00000000f9d00000)
 ParOldGen       total 507904K, used 270646K [0x00000000a0000000, 0x00000000bf000000, 0x00000000e0000000)
  object space 507904K, 53% used [0x00000000a0000000,0x00000000b084db48,0x00000000bf000000)
 Metaspace       used 107711K, capacity 116500K, committed 118912K, reserved 1153024K
  class space    used 13102K, capacity 14740K, committed 15232K, reserved 1048576K
Event: 24109.792 GC heap after
Heap after GC invocations=541 (full 36):
 PSYoungGen      total 322560K, used 64K [0x00000000e0000000, 0x00000000ffc00000, 0x0000000100000000)
  eden space 322048K, 0% used [0x00000000e0000000,0x00000000e0000000,0x00000000f3a80000)
  from space 512K, 12% used [0x00000000f3a80000,0x00000000f3a90000,0x00000000f3b00000)
  to   space 98816K, 0% used [0x00000000f9b80000,0x00000000f9b80000,0x00000000ffc00000)
 ParOldGen       total 507904K, used 270678K [0x00000000a0000000, 0x00000000bf000000, 0x00000000e0000000)
  object space 507904K, 53% used [0x00000000a0000000,0x00000000b0855b48,0x00000000bf000000)
 Metaspace       used 107711K, capacity 116500K, committed 118912K, reserved 1153024K
  class space    used 13102K, capacity 14740K, committed 15232K, reserved 1048576K
}
Event: 24109.821 GC heap before
{Heap before GC invocations=542 (full 36):
 PSYoungGen      total 322560K, used 322070K [0x00000000e0000000, 0x00000000ffc00000, 0x0000000100000000)
  eden space 322048K, 99% used [0x00000000e0000000,0x00000000f3a75918,0x00000000f3a80000)
  from space 512K, 12% used [0x00000000f3a80000,0x00000000f3a90000,0x00000000f3b00000)
  to   space 98816K, 0% used [0x00000000f9b80000,0x00000000f9b80000,0x00000000ffc00000)
 ParOldGen       total 507904K, used 270678K [0x00000000a0000000, 0x00000000bf000000, 0x00000000e0000000)
  object space 507904K, 53% used [0x00000000a0000000,0x00000000b0855b48,0x00000000bf000000)
 Metaspace       used 107711K, capacity 116500K, committed 118912K, reserved 1153024K
  class space    used 13102K, capacity 14740K, committed 15232K, reserved 1048576K
Event: 24109.825 GC heap after
Heap after GC invocations=542 (full 36):
 PSYoungGen      total 423424K, used 64K [0x00000000e0000000, 0x0000000100000000, 0x0000000100000000)
  eden space 324608K, 0% used [0x00000000e0000000,0x00000000e0000000,0x00000000f3d00000)
  from space 98816K, 0% used [0x00000000f9b80000,0x00000000f9b90000,0x00000000ffc00000)
  to   space 96768K, 0% used [0x00000000f3d00000,0x00000000f3d00000,0x00000000f9b80000)
 ParOldGen       total 507904K, used 270710K [0x00000000a0000000, 0x00000000bf000000, 0x00000000e0000000)
  object space 507904K, 53% used [0x00000000a0000000,0x00000000b085db48,0x00000000bf000000)
 Metaspace       used 107711K, capacity 116500K, committed 118912K, reserved 1153024K
  class space    used 13102K, capacity 14740K, committed 15232K, reserved 1048576K
}
Event: 24109.854 GC heap before
{Heap before GC invocations=543 (full 36):
 PSYoungGen      total 423424K, used 324456K [0x00000000e0000000, 0x0000000100000000, 0x0000000100000000)
  eden space 324608K, 99% used [0x00000000e0000000,0x00000000f3cca240,0x00000000f3d00000)
  from space 98816K, 0% used [0x00000000f9b80000,0x00000000f9b90000,0x00000000ffc00000)
  to   space 96768K, 0% used [0x00000000f3d00000,0x00000000f3d00000,0x00000000f9b80000)
 ParOldGen       total 507904K, used 270710K [0x00000000a0000000, 0x00000000bf000000, 0x00000000e0000000)
  object space 507904K, 53% used [0x00000000a0000000,0x00000000b085db48,0x00000000bf000000)
 Metaspace       used 107711K, capacity 116500K, committed 118912K, reserved 1153024K
  class space    used 13102K, capacity 14740K, committed 15232K, reserved 1048576K
Event: 24109.858 GC heap after
Heap after GC invocations=543 (full 36):
 PSYoungGen      total 421376K, used 64K [0x00000000e0000000, 0x00000000ff900000, 0x0000000100000000)
  eden space 324608K, 0% used [0x00000000e0000000,0x00000000e0000000,0x00000000f3d00000)
  from space 96768K, 0% used [0x00000000f3d00000,0x00000000f3d10000,0x00000000f9b80000)
  to   space 94208K, 0% used [0x00000000f9d00000,0x00000000f9d00000,0x00000000ff900000)
 ParOldGen       total 507904K, used 270742K [0x00000000a0000000, 0x00000000bf000000, 0x00000000e0000000)
  object space 507904K, 53% used [0x00000000a0000000,0x00000000b0865b48,0x00000000bf000000)
 Metaspace       used 107711K, capacity 116500K, committed 118912K, reserved 1153024K
  class space    used 13102K, capacity 14740K, committed 15232K, reserved 1048576K
}
Event: 24109.886 GC heap before
{Heap before GC invocations=544 (full 36):
 PSYoungGen      total 421376K, used 324652K [0x00000000e0000000, 0x00000000ff900000, 0x0000000100000000)
  eden space 324608K, 99% used [0x00000000e0000000,0x00000000f3cfb1e8,0x00000000f3d00000)
  from space 96768K, 0% used [0x00000000f3d00000,0x00000000f3d10000,0x00000000f9b80000)
  to   space 94208K, 0% used [0x00000000f9d00000,0x00000000f9d00000,0x00000000ff900000)
 ParOldGen       total 507904K, used 270742K [0x00000000a0000000, 0x00000000bf000000, 0x00000000e0000000)
  object space 507904K, 53% used [0x00000000a0000000,0x00000000b0865b48,0x00000000bf000000)
 Metaspace       used 107711K, capacity 116500K, committed 118912K, reserved 1153024K
  class space    used 13102K, capacity 14740K, committed 15232K, reserved 1048576K
Event: 24109.890 GC heap after
Heap after GC invocations=544 (full 36):
 PSYoungGen      total 423936K, used 64K [0x00000000e0000000, 0x00000000ff680000, 0x0000000100000000)
  eden space 332288K, 0% used [0x00000000e0000000,0x00000000e0000000,0x00000000f4480000)
  from space 91648K, 0% used [0x00000000f9d00000,0x00000000f9d10000,0x00000000ff680000)
  to   space 90624K, 0% used [0x00000000f4480000,0x00000000f4480000,0x00000000f9d00000)
 ParOldGen       total 507904K, used 270766K [0x00000000a0000000, 0x00000000bf000000, 0x00000000e0000000)
  object space 507904K, 53% used [0x00000000a0000000,0x00000000b086bb48,0x00000000bf000000)
 Metaspace       used 107711K, capacity 116500K, committed 118912K, reserved 1153024K
  class space    used 13102K, capacity 14740K, committed 15232K, reserved 1048576K
}
Event: 24272.151 GC heap before
{Heap before GC invocations=545 (full 36):
 PSYoungGen      total 423936K, used 332352K [0x00000000e0000000, 0x00000000ff680000, 0x0000000100000000)
  eden space 332288K, 100% used [0x00000000e0000000,0x00000000f4480000,0x00000000f4480000)
  from space 91648K, 0% used [0x00000000f9d00000,0x00000000f9d10000,0x00000000ff680000)
  to   space 90624K, 0% used [0x00000000f4480000,0x00000000f4480000,0x00000000f9d00000)
 ParOldGen       total 507904K, used 270766K [0x00000000a0000000, 0x00000000bf000000, 0x00000000e0000000)
  object space 507904K, 53% used [0x00000000a0000000,0x00000000b086bb48,0x00000000bf000000)
 Metaspace       used 107772K, capacity 116568K, committed 118912K, reserved 1153024K
  class space    used 13102K, capacity 14740K, committed 15232K, reserved 1048576K

