# JRE version: OpenJDK Runtime Environment (8.0_152-b02) (build 1.8.0_152-release-1024-b02)
# Java VM: OpenJDK 64-Bit Server VM (25.152-b02 mixed mode windows-amd64 compressed oops)
Heap:
 PSYoungGen      total 409088K, used 364386K [0x00000000e0000000, 0x0000000100000000, 0x0000000100000000)
  eden space 303616K, 99% used [0x00000000e0000000,0x00000000f2816ec8,0x00000000f2880000)
  from space 105472K, 58% used [0x00000000f2880000,0x00000000f6441bd8,0x00000000f8f80000)
  to   space 108032K, 41% used [0x00000000f9680000,0x00000000fc267f58,0x0000000100000000)
 ParOldGen       total 460288K, used 314836K [0x00000000a0000000, 0x00000000bc180000, 0x00000000e0000000)
  object space 460288K, 68% used [0x00000000a0000000,0x00000000b33751d8,0x00000000bc180000)
 Metaspace       used 111452K, capacity 120008K, committed 120704K, reserved 1155072K
  class space    used 13498K, capacity 15048K, committed 15232K, reserved 1048576K
GC Heap History (10 events):
Event: 19747.546 GC heap after
Heap after GC invocations=310 (full 25):
 PSYoungGen      total 412672K, used 63413K [0x00000000e0000000, 0x0000000100000000, 0x0000000100000000)
  eden space 305664K, 0% used [0x00000000e0000000,0x00000000e0000000,0x00000000f2a80000)
  from space 107008K, 59% used [0x00000000f2a80000,0x00000000f686d7a0,0x00000000f9300000)
  to   space 111104K, 0% used [0x00000000f9380000,0x00000000f9380000,0x0000000100000000)
 ParOldGen       total 460288K, used 105605K [0x00000000a0000000, 0x00000000bc180000, 0x00000000e0000000)
  object space 460288K, 22% used [0x00000000a0000000,0x00000000a6721760,0x00000000bc180000)
 Metaspace       used 109245K, capacity 117612K, committed 120704K, reserved 1155072K
  class space    used 13301K, capacity 14796K, committed 15232K, reserved 1048576K
}
Event: 19748.738 GC heap before
{Heap before GC invocations=311 (full 25):
 PSYoungGen      total 412672K, used 369077K [0x00000000e0000000, 0x0000000100000000, 0x0000000100000000)
  eden space 305664K, 100% used [0x00000000e0000000,0x00000000f2a80000,0x00000000f2a80000)
  from space 107008K, 59% used [0x00000000f2a80000,0x00000000f686d7a0,0x00000000f9300000)
  to   space 111104K, 0% used [0x00000000f9380000,0x00000000f9380000,0x0000000100000000)
 ParOldGen       total 460288K, used 105605K [0x00000000a0000000, 0x00000000bc180000, 0x00000000e0000000)
  object space 460288K, 22% used [0x00000000a0000000,0x00000000a6721760,0x00000000bc180000)
 Metaspace       used 110045K, capacity 118462K, committed 120704K, reserved 1155072K
  class space    used 13361K, capacity 14863K, committed 15232K, reserved 1048576K
Event: 19748.844 GC heap after
Heap after GC invocations=311 (full 25):
 PSYoungGen      total 406016K, used 65819K [0x00000000e0000000, 0x0000000100000000, 0x0000000100000000)
  eden space 294912K, 0% used [0x00000000e0000000,0x00000000e0000000,0x00000000f2000000)
  from space 111104K, 59% used [0x00000000f9380000,0x00000000fd3c6c50,0x0000000100000000)
  to   space 114688K, 0% used [0x00000000f2000000,0x00000000f2000000,0x00000000f9000000)
 ParOldGen       total 460288K, used 160003K [0x00000000a0000000, 0x00000000bc180000, 0x00000000e0000000)
  object space 460288K, 34% used [0x00000000a0000000,0x00000000a9c40eb0,0x00000000bc180000)
 Metaspace       used 110045K, capacity 118462K, committed 120704K, reserved 1155072K
  class space    used 13361K, capacity 14863K, committed 15232K, reserved 1048576K
}
Event: 19767.512 GC heap before
{Heap before GC invocations=312 (full 25):
 PSYoungGen      total 406016K, used 360731K [0x00000000e0000000, 0x0000000100000000, 0x0000000100000000)
  eden space 294912K, 100% used [0x00000000e0000000,0x00000000f2000000,0x00000000f2000000)
  from space 111104K, 59% used [0x00000000f9380000,0x00000000fd3c6c50,0x0000000100000000)
  to   space 114688K, 0% used [0x00000000f2000000,0x00000000f2000000,0x00000000f9000000)
 ParOldGen       total 460288K, used 160003K [0x00000000a0000000, 0x00000000bc180000, 0x00000000e0000000)
  object space 460288K, 34% used [0x00000000a0000000,0x00000000a9c40eb0,0x00000000bc180000)
 Metaspace       used 110049K, capacity 118462K, committed 120704K, reserved 1155072K
  class space    used 13361K, capacity 14863K, committed 15232K, reserved 1048576K
Event: 19767.591 GC heap after
Heap after GC invocations=312 (full 25):
 PSYoungGen      total 314368K, used 19025K [0x00000000e0000000, 0x00000000ffb80000, 0x0000000100000000)
  eden space 294912K, 0% used [0x00000000e0000000,0x00000000e0000000,0x00000000f2000000)
  from space 19456K, 97% used [0x00000000f2000000,0x00000000f32944b0,0x00000000f3300000)
  to   space 110592K, 0% used [0x00000000f8f80000,0x00000000f8f80000,0x00000000ffb80000)
 ParOldGen       total 460288K, used 224247K [0x00000000a0000000, 0x00000000bc180000, 0x00000000e0000000)
  object space 460288K, 48% used [0x00000000a0000000,0x00000000adafdd70,0x00000000bc180000)
 Metaspace       used 110049K, capacity 118462K, committed 120704K, reserved 1155072K
  class space    used 13361K, capacity 14863K, committed 15232K, reserved 1048576K
}
Event: 19907.546 GC heap before
{Heap before GC invocations=313 (full 25):
 PSYoungGen      total 314368K, used 313937K [0x00000000e0000000, 0x00000000ffb80000, 0x0000000100000000)
  eden space 294912K, 100% used [0x00000000e0000000,0x00000000f2000000,0x00000000f2000000)
  from space 19456K, 97% used [0x00000000f2000000,0x00000000f32944b0,0x00000000f3300000)
  to   space 110592K, 0% used [0x00000000f8f80000,0x00000000f8f80000,0x00000000ffb80000)
 ParOldGen       total 460288K, used 224247K [0x00000000a0000000, 0x00000000bc180000, 0x00000000e0000000)
  object space 460288K, 48% used [0x00000000a0000000,0x00000000adafdd70,0x00000000bc180000)
 Metaspace       used 110241K, capacity 118660K, committed 120704K, reserved 1155072K
  class space    used 13379K, capacity 14908K, committed 15232K, reserved 1048576K
Event: 19907.611 GC heap after
Heap after GC invocations=313 (full 25):
 PSYoungGen      total 414208K, used 22285K [0x00000000e0000000, 0x0000000100000000, 0x0000000100000000)
  eden space 303616K, 0% used [0x00000000e0000000,0x00000000e0000000,0x00000000f2880000)
  from space 110592K, 20% used [0x00000000f8f80000,0x00000000fa543550,0x00000000ffb80000)
  to   space 105472K, 0% used [0x00000000f2880000,0x00000000f2880000,0x00000000f8f80000)
 ParOldGen       total 460288K, used 241805K [0x00000000a0000000, 0x00000000bc180000, 0x00000000e0000000)
  object space 460288K, 52% used [0x00000000a0000000,0x00000000aec23618,0x00000000bc180000)
 Metaspace       used 110241K, capacity 118660K, committed 120704K, reserved 1155072K
  class space    used 13379K, capacity 14908K, committed 15232K, reserved 1048576K
}
Event: 19909.119 GC heap before
{Heap before GC invocations=314 (full 25):
 PSYoungGen      total 414208K, used 325901K [0x00000000e0000000, 0x0000000100000000, 0x0000000100000000)
  eden space 303616K, 100% used [0x00000000e0000000,0x00000000f2880000,0x00000000f2880000)
  from space 110592K, 20% used [0x00000000f8f80000,0x00000000fa543550,0x00000000ffb80000)
  to   space 105472K, 0% used [0x00000000f2880000,0x00000000f2880000,0x00000000f8f80000)
 ParOldGen       total 460288K, used 241805K [0x00000000a0000000, 0x00000000bc180000, 0x00000000e0000000)
  object space 460288K, 52% used [0x00000000a0000000,0x00000000aec23618,0x00000000bc180000)
 Metaspace       used 111174K, capacity 119638K, committed 120704K, reserved 1155072K
  class space    used 13463K, capacity 14975K, committed 15232K, reserved 1048576K
Event: 19909.222 GC heap after
Heap after GC invocations=314 (full 25):
 PSYoungGen      total 409088K, used 61190K [0x00000000e0000000, 0x0000000100000000, 0x0000000100000000)
  eden space 303616K, 0% used [0x00000000e0000000,0x00000000e0000000,0x00000000f2880000)
  from space 105472K, 58% used [0x00000000f2880000,0x00000000f6441bd8,0x00000000f8f80000)
  to   space 108032K, 0% used [0x00000000f9680000,0x00000000f9680000,0x0000000100000000)
 ParOldGen       total 460288K, used 261013K [0x00000000a0000000, 0x00000000bc180000, 0x00000000e0000000)
  object space 460288K, 56% used [0x00000000a0000000,0x00000000afee5460,0x00000000bc180000)
 Metaspace       used 111174K, capacity 119638K, committed 120704K, reserved 1155072K
  class space    used 13463K, capacity 14975K, committed 15232K, reserved 1048576K
}
Event: 20029.564 GC heap before
{Heap before GC invocations=315 (full 25):
 PSYoungGen      total 409088K, used 364386K [0x00000000e0000000, 0x0000000100000000, 0x0000000100000000)
  eden space 303616K, 99% used [0x00000000e0000000,0x00000000f2816ec8,0x00000000f2880000)
  from space 105472K, 58% used [0x00000000f2880000,0x00000000f6441bd8,0x00000000f8f80000)
  to   space 108032K, 0% used [0x00000000f9680000,0x00000000f9680000,0x0000000100000000)
 ParOldGen       total 460288K, used 261013K [0x00000000a0000000, 0x00000000bc180000, 0x00000000e0000000)
  object space 460288K, 56% used [0x00000000a0000000,0x00000000afee5460,0x00000000bc180000)
 Metaspace       used 111452K, capacity 120008K, committed 120704K, reserved 1155072K
  class space    used 13498K, capacity 15048K, committed 15232K, reserved 1048576K

