# JRE version: OpenJDK Runtime Environment (8.0_152-b06) (build 1.8.0_152-release-1136-b06)
# Java VM: OpenJDK 64-Bit Server VM (25.152-b06 mixed mode windows-amd64 compressed oops)
Heap:
 PSYoungGen      total 494592K, used 235964K [0x00000000e0000000, 0x0000000100000000, 0x0000000100000000)
  eden space 464896K, 44% used [0x00000000e0000000,0x00000000ec970218,0x00000000fc600000)
  from space 29696K, 99% used [0x00000000fc600000,0x00000000fe2ff028,0x00000000fe300000)
  to   space 29696K, 0% used [0x00000000fe300000,0x00000000fe300000,0x0000000100000000)
 ParOldGen       total 154624K, used 76957K [0x00000000a0000000, 0x00000000a9700000, 0x00000000e0000000)
  object space 154624K, 49% used [0x00000000a0000000,0x00000000a4b27538,0x00000000a9700000)
 Metaspace       used 86204K, capacity 89744K, committed 89856K, reserved 1128448K
  class space    used 10913K, capacity 11667K, committed 11776K, reserved 1048576K
GC Heap History (10 events):
Event: 74.164 GC heap before
{Heap before GC invocations=22 (full 3):
 PSYoungGen      total 451072K, used 425920K [0x00000000e0000000, 0x00000000fd300000, 0x0000000100000000)
  eden space 425984K, 99% used [0x00000000e0000000,0x00000000f9fd03f0,0x00000000fa000000)
  from space 25088K, 0% used [0x00000000fb980000,0x00000000fb9a0000,0x00000000fd200000)
  to   space 26112K, 0% used [0x00000000fa000000,0x00000000fa000000,0x00000000fb980000)
 ParOldGen       total 154624K, used 48828K [0x00000000a0000000, 0x00000000a9700000, 0x00000000e0000000)
  object space 154624K, 31% used [0x00000000a0000000,0x00000000a2faf0c0,0x00000000a9700000)
 Metaspace       used 59752K, capacity 61680K, committed 61824K, reserved 1101824K
  class space    used 8056K, capacity 8515K, committed 8576K, reserved 1048576K
Event: 74.167 GC heap after
Heap after GC invocations=22 (full 3):
 PSYoungGen      total 452096K, used 96K [0x00000000e0000000, 0x0000000100000000, 0x0000000100000000)
  eden space 425984K, 0% used [0x00000000e0000000,0x00000000e0000000,0x00000000fa000000)
  from space 26112K, 0% used [0x00000000fa000000,0x00000000fa018000,0x00000000fb980000)
  to   space 27136K, 0% used [0x00000000fe580000,0x00000000fe580000,0x0000000100000000)
 ParOldGen       total 154624K, used 48868K [0x00000000a0000000, 0x00000000a9700000, 0x00000000e0000000)
  object space 154624K, 31% used [0x00000000a0000000,0x00000000a2fb90c0,0x00000000a9700000)
 Metaspace       used 59752K, capacity 61680K, committed 61824K, reserved 1101824K
  class space    used 8056K, capacity 8515K, committed 8576K, reserved 1048576K
}
Event: 601.390 GC heap before
{Heap before GC invocations=23 (full 3):
 PSYoungGen      total 452096K, used 426080K [0x00000000e0000000, 0x0000000100000000, 0x0000000100000000)
  eden space 425984K, 100% used [0x00000000e0000000,0x00000000fa000000,0x00000000fa000000)
  from space 26112K, 0% used [0x00000000fa000000,0x00000000fa018000,0x00000000fb980000)
  to   space 27136K, 0% used [0x00000000fe580000,0x00000000fe580000,0x0000000100000000)
 ParOldGen       total 154624K, used 48868K [0x00000000a0000000, 0x00000000a9700000, 0x00000000e0000000)
  object space 154624K, 31% used [0x00000000a0000000,0x00000000a2fb90c0,0x00000000a9700000)
 Metaspace       used 68774K, capacity 71048K, committed 71168K, reserved 1110016K
  class space    used 9078K, capacity 9623K, committed 9728K, reserved 1048576K
Event: 601.407 GC heap after
Heap after GC invocations=23 (full 3):
 PSYoungGen      total 497152K, used 12992K [0x00000000e0000000, 0x00000000fff00000, 0x0000000100000000)
  eden space 471040K, 0% used [0x00000000e0000000,0x00000000e0000000,0x00000000fcc00000)
  from space 26112K, 49% used [0x00000000fe580000,0x00000000ff230138,0x00000000fff00000)
  to   space 26112K, 0% used [0x00000000fcc00000,0x00000000fcc00000,0x00000000fe580000)
 ParOldGen       total 154624K, used 48916K [0x00000000a0000000, 0x00000000a9700000, 0x00000000e0000000)
  object space 154624K, 31% used [0x00000000a0000000,0x00000000a2fc50c0,0x00000000a9700000)
 Metaspace       used 68774K, capacity 71048K, committed 71168K, reserved 1110016K
  class space    used 9078K, capacity 9623K, committed 9728K, reserved 1048576K
}
Event: 619.769 GC heap before
{Heap before GC invocations=24 (full 3):
 PSYoungGen      total 497152K, used 484032K [0x00000000e0000000, 0x00000000fff00000, 0x0000000100000000)
  eden space 471040K, 100% used [0x00000000e0000000,0x00000000fcc00000,0x00000000fcc00000)
  from space 26112K, 49% used [0x00000000fe580000,0x00000000ff230138,0x00000000fff00000)
  to   space 26112K, 0% used [0x00000000fcc00000,0x00000000fcc00000,0x00000000fe580000)
 ParOldGen       total 154624K, used 48916K [0x00000000a0000000, 0x00000000a9700000, 0x00000000e0000000)
  object space 154624K, 31% used [0x00000000a0000000,0x00000000a2fc50c0,0x00000000a9700000)
 Metaspace       used 74235K, capacity 76574K, committed 76672K, reserved 1116160K
  class space    used 9502K, capacity 10042K, committed 10112K, reserved 1048576K
Event: 619.819 GC heap after
Heap after GC invocations=24 (full 3):
 PSYoungGen      total 495104K, used 23947K [0x00000000e0000000, 0x0000000100000000, 0x0000000100000000)
  eden space 471040K, 0% used [0x00000000e0000000,0x00000000e0000000,0x00000000fcc00000)
  from space 24064K, 99% used [0x00000000fcc00000,0x00000000fe362ef8,0x00000000fe380000)
  to   space 29184K, 0% used [0x00000000fe380000,0x00000000fe380000,0x0000000100000000)
 ParOldGen       total 154624K, used 55669K [0x00000000a0000000, 0x00000000a9700000, 0x00000000e0000000)
  object space 154624K, 36% used [0x00000000a0000000,0x00000000a365d418,0x00000000a9700000)
 Metaspace       used 74235K, capacity 76574K, committed 76672K, reserved 1116160K
  class space    used 9502K, capacity 10042K, committed 10112K, reserved 1048576K
}
Event: 634.772 GC heap before
{Heap before GC invocations=25 (full 3):
 PSYoungGen      total 495104K, used 492366K [0x00000000e0000000, 0x0000000100000000, 0x0000000100000000)
  eden space 471040K, 99% used [0x00000000e0000000,0x00000000fc970c78,0x00000000fcc00000)
  from space 24064K, 99% used [0x00000000fcc00000,0x00000000fe362ef8,0x00000000fe380000)
  to   space 29184K, 0% used [0x00000000fe380000,0x00000000fe380000,0x0000000100000000)
 ParOldGen       total 154624K, used 55669K [0x00000000a0000000, 0x00000000a9700000, 0x00000000e0000000)
  object space 154624K, 36% used [0x00000000a0000000,0x00000000a365d418,0x00000000a9700000)
 Metaspace       used 84565K, capacity 88108K, committed 88320K, reserved 1126400K
  class space    used 10807K, capacity 11515K, committed 11520K, reserved 1048576K
Event: 634.799 GC heap after
Heap after GC invocations=25 (full 3):
 PSYoungGen      total 494080K, used 17604K [0x00000000e0000000, 0x0000000100000000, 0x0000000100000000)
  eden space 464896K, 0% used [0x00000000e0000000,0x00000000e0000000,0x00000000fc600000)
  from space 29184K, 60% used [0x00000000fe380000,0x00000000ff4b1238,0x0000000100000000)
  to   space 29696K, 0% used [0x00000000fc600000,0x00000000fc600000,0x00000000fe300000)
 ParOldGen       total 154624K, used 66282K [0x00000000a0000000, 0x00000000a9700000, 0x00000000e0000000)
  object space 154624K, 42% used [0x00000000a0000000,0x00000000a40ba938,0x00000000a9700000)
 Metaspace       used 84565K, capacity 88108K, committed 88320K, reserved 1126400K
  class space    used 10807K, capacity 11515K, committed 11520K, reserved 1048576K
}
Event: 810.169 GC heap before
{Heap before GC invocations=26 (full 3):
 PSYoungGen      total 494080K, used 482500K [0x00000000e0000000, 0x0000000100000000, 0x0000000100000000)
  eden space 464896K, 100% used [0x00000000e0000000,0x00000000fc600000,0x00000000fc600000)
  from space 29184K, 60% used [0x00000000fe380000,0x00000000ff4b1238,0x0000000100000000)
  to   space 29696K, 0% used [0x00000000fc600000,0x00000000fc600000,0x00000000fe300000)
 ParOldGen       total 154624K, used 66282K [0x00000000a0000000, 0x00000000a9700000, 0x00000000e0000000)
  object space 154624K, 42% used [0x00000000a0000000,0x00000000a40ba938,0x00000000a9700000)
 Metaspace       used 85191K, capacity 88778K, committed 88960K, reserved 1126400K
  class space    used 10830K, capacity 11602K, committed 11648K, reserved 1048576K
Event: 810.416 GC heap after
Heap after GC invocations=26 (full 3):
 PSYoungGen      total 494592K, used 29692K [0x00000000e0000000, 0x0000000100000000, 0x0000000100000000)
  eden space 464896K, 0% used [0x00000000e0000000,0x00000000e0000000,0x00000000fc600000)
  from space 29696K, 99% used [0x00000000fc600000,0x00000000fe2ff028,0x00000000fe300000)
  to   space 29696K, 0% used [0x00000000fe300000,0x00000000fe300000,0x0000000100000000)
 ParOldGen       total 154624K, used 76957K [0x00000000a0000000, 0x00000000a9700000, 0x00000000e0000000)
  object space 154624K, 49% used [0x00000000a0000000,0x00000000a4b27538,0x00000000a9700000)
 Metaspace       used 85191K, capacity 88778K, committed 88960K, reserved 1126400K
  class space    used 10830K, capacity 11602K, committed 11648K, reserved 1048576K
}

