# JRE version: OpenJDK Runtime Environment (8.0_152-b02) (build 1.8.0_152-release-1024-b02)
# Java VM: OpenJDK 64-Bit Server VM (25.152-b02 mixed mode windows-amd64 compressed oops)
Heap:
 PSYoungGen      total 409600K, used 362468K [0x00000000e0000000, 0x00000000ffd00000, 0x0000000100000000)
  eden space 307200K, 100% used [0x00000000e0000000,0x00000000f2c00000,0x00000000f2c00000)
  from space 102400K, 53% used [0x00000000f9900000,0x00000000fcef93f8,0x00000000ffd00000)
  to   space 107008K, 0% used [0x00000000f2c00000,0x00000000f2c00000,0x00000000f9480000)
 ParOldGen       total 449024K, used 102767K [0x00000000a0000000, 0x00000000bb680000, 0x00000000e0000000)
  object space 449024K, 22% used [0x00000000a0000000,0x00000000a645be80,0x00000000bb680000)
 Metaspace       used 104239K, capacity 111238K, committed 117248K, reserved 1150976K
  class space    used 12748K, capacity 14073K, committed 14848K, reserved 1048576K
GC Heap History (10 events):
Event: 18468.256 GC heap before
{Heap before GC invocations=266 (full 19):
 PSYoungGen      total 432128K, used 387771K [0x00000000e0000000, 0x00000000ff300000, 0x0000000100000000)
  eden space 368640K, 100% used [0x00000000e0000000,0x00000000f6800000,0x00000000f6800000)
  from space 63488K, 30% used [0x00000000fb500000,0x00000000fc7aee28,0x00000000ff300000)
  to   space 71168K, 0% used [0x00000000f6800000,0x00000000f6800000,0x00000000fad80000)
 ParOldGen       total 549376K, used 384122K [0x00000000a0000000, 0x00000000c1880000, 0x00000000e0000000)
  object space 549376K, 69% used [0x00000000a0000000,0x00000000b771e938,0x00000000c1880000)
 Metaspace       used 107217K, capacity 115254K, committed 116736K, reserved 1150976K
  class space    used 13092K, capacity 14585K, committed 14848K, reserved 1048576K
Event: 18468.331 GC heap after
Heap after GC invocations=266 (full 19):
 PSYoungGen      total 439808K, used 50063K [0x00000000e0000000, 0x0000000100000000, 0x0000000100000000)
  eden space 368640K, 0% used [0x00000000e0000000,0x00000000e0000000,0x00000000f6800000)
  from space 71168K, 70% used [0x00000000f6800000,0x00000000f98e3f28,0x00000000fad80000)
  to   space 77824K, 0% used [0x00000000fb400000,0x00000000fb400000,0x0000000100000000)
 ParOldGen       total 549376K, used 398811K [0x00000000a0000000, 0x00000000c1880000, 0x00000000e0000000)
  object space 549376K, 72% used [0x00000000a0000000,0x00000000b8576cc8,0x00000000c1880000)
 Metaspace       used 107217K, capacity 115254K, committed 116736K, reserved 1150976K
  class space    used 13092K, capacity 14585K, committed 14848K, reserved 1048576K
}
Event: 18469.579 GC heap before
{Heap before GC invocations=267 (full 19):
 PSYoungGen      total 439808K, used 418703K [0x00000000e0000000, 0x0000000100000000, 0x0000000100000000)
  eden space 368640K, 100% used [0x00000000e0000000,0x00000000f6800000,0x00000000f6800000)
  from space 71168K, 70% used [0x00000000f6800000,0x00000000f98e3f28,0x00000000fad80000)
  to   space 77824K, 0% used [0x00000000fb400000,0x00000000fb400000,0x0000000100000000)
 ParOldGen       total 549376K, used 398811K [0x00000000a0000000, 0x00000000c1880000, 0x00000000e0000000)
  object space 549376K, 72% used [0x00000000a0000000,0x00000000b8576cc8,0x00000000c1880000)
 Metaspace       used 108146K, capacity 116168K, committed 117248K, reserved 1150976K
  class space    used 13176K, capacity 14652K, committed 14848K, reserved 1048576K
Event: 18469.708 GC heap after
Heap after GC invocations=267 (full 19):
 PSYoungGen      total 378880K, used 77819K [0x00000000e0000000, 0x0000000100000000, 0x0000000100000000)
  eden space 301056K, 0% used [0x00000000e0000000,0x00000000e0000000,0x00000000f2600000)
  from space 77824K, 99% used [0x00000000fb400000,0x00000000ffffecc8,0x0000000100000000)
  to   space 111616K, 0% used [0x00000000f2600000,0x00000000f2600000,0x00000000f9300000)
 ParOldGen       total 549376K, used 449498K [0x00000000a0000000, 0x00000000c1880000, 0x00000000e0000000)
  object space 549376K, 81% used [0x00000000a0000000,0x00000000bb6f6a18,0x00000000c1880000)
 Metaspace       used 108146K, capacity 116168K, committed 117248K, reserved 1150976K
  class space    used 13176K, capacity 14652K, committed 14848K, reserved 1048576K
}
Event: 18491.573 GC heap before
{Heap before GC invocations=268 (full 19):
 PSYoungGen      total 378880K, used 378875K [0x00000000e0000000, 0x0000000100000000, 0x0000000100000000)
  eden space 301056K, 100% used [0x00000000e0000000,0x00000000f2600000,0x00000000f2600000)
  from space 77824K, 99% used [0x00000000fb400000,0x00000000ffffecc8,0x0000000100000000)
  to   space 111616K, 0% used [0x00000000f2600000,0x00000000f2600000,0x00000000f9300000)
 ParOldGen       total 549376K, used 449506K [0x00000000a0000000, 0x00000000c1880000, 0x00000000e0000000)
  object space 549376K, 81% used [0x00000000a0000000,0x00000000bb6f8a28,0x00000000c1880000)
 Metaspace       used 108147K, capacity 116168K, committed 117248K, reserved 1150976K
  class space    used 13176K, capacity 14652K, committed 14848K, reserved 1048576K
Event: 18491.661 GC heap after
Heap after GC invocations=268 (full 19):
 PSYoungGen      total 412672K, used 20919K [0x00000000e0000000, 0x0000000100000000, 0x0000000100000000)
  eden space 301056K, 0% used [0x00000000e0000000,0x00000000e0000000,0x00000000f2600000)
  from space 111616K, 18% used [0x00000000f2600000,0x00000000f3a6dfa0,0x00000000f9300000)
  to   space 105472K, 0% used [0x00000000f9900000,0x00000000f9900000,0x0000000100000000)
 ParOldGen       total 549376K, used 515464K [0x00000000a0000000, 0x00000000c1880000, 0x00000000e0000000)
  object space 549376K, 93% used [0x00000000a0000000,0x00000000bf762218,0x00000000c1880000)
 Metaspace       used 108147K, capacity 116168K, committed 117248K, reserved 1150976K
  class space    used 13176K, capacity 14652K, committed 14848K, reserved 1048576K
}
Event: 18491.661 GC heap before
{Heap before GC invocations=269 (full 20):
 PSYoungGen      total 412672K, used 20919K [0x00000000e0000000, 0x0000000100000000, 0x0000000100000000)
  eden space 301056K, 0% used [0x00000000e0000000,0x00000000e0000000,0x00000000f2600000)
  from space 111616K, 18% used [0x00000000f2600000,0x00000000f3a6dfa0,0x00000000f9300000)
  to   space 105472K, 0% used [0x00000000f9900000,0x00000000f9900000,0x0000000100000000)
 ParOldGen       total 549376K, used 515464K [0x00000000a0000000, 0x00000000c1880000, 0x00000000e0000000)
  object space 549376K, 93% used [0x00000000a0000000,0x00000000bf762218,0x00000000c1880000)
 Metaspace       used 108147K, capacity 116168K, committed 117248K, reserved 1150976K
  class space    used 13176K, capacity 14652K, committed 14848K, reserved 1048576K
Event: 18492.012 GC heap after
Heap after GC invocations=269 (full 20):
 PSYoungGen      total 412672K, used 0K [0x00000000e0000000, 0x0000000100000000, 0x0000000100000000)
  eden space 301056K, 0% used [0x00000000e0000000,0x00000000e0000000,0x00000000f2600000)
  from space 111616K, 0% used [0x00000000f2600000,0x00000000f2600000,0x00000000f9300000)
  to   space 105472K, 0% used [0x00000000f9900000,0x00000000f9900000,0x0000000100000000)
 ParOldGen       total 449024K, used 102765K [0x00000000a0000000, 0x00000000bb680000, 0x00000000e0000000)
  object space 449024K, 22% used [0x00000000a0000000,0x00000000a645b690,0x00000000bb680000)
 Metaspace       used 104206K, capacity 111238K, committed 117248K, reserved 1150976K
  class space    used 12748K, capacity 14073K, committed 14848K, reserved 1048576K
}
Event: 18495.481 GC heap before
{Heap before GC invocations=270 (full 20):
 PSYoungGen      total 412672K, used 301056K [0x00000000e0000000, 0x0000000100000000, 0x0000000100000000)
  eden space 301056K, 100% used [0x00000000e0000000,0x00000000f2600000,0x00000000f2600000)
  from space 111616K, 0% used [0x00000000f2600000,0x00000000f2600000,0x00000000f9300000)
  to   space 105472K, 0% used [0x00000000f9900000,0x00000000f9900000,0x0000000100000000)
 ParOldGen       total 449024K, used 102767K [0x00000000a0000000, 0x00000000bb680000, 0x00000000e0000000)
  object space 449024K, 22% used [0x00000000a0000000,0x00000000a645be80,0x00000000bb680000)
 Metaspace       used 104218K, capacity 111238K, committed 117248K, reserved 1150976K
  class space    used 12748K, capacity 14073K, committed 14848K, reserved 1048576K
Event: 18495.536 GC heap after
Heap after GC invocations=270 (full 20):
 PSYoungGen      total 409600K, used 55268K [0x00000000e0000000, 0x00000000ffd00000, 0x0000000100000000)
  eden space 307200K, 0% used [0x00000000e0000000,0x00000000e0000000,0x00000000f2c00000)
  from space 102400K, 53% used [0x00000000f9900000,0x00000000fcef93f8,0x00000000ffd00000)
  to   space 107008K, 0% used [0x00000000f2c00000,0x00000000f2c00000,0x00000000f9480000)
 ParOldGen       total 449024K, used 102767K [0x00000000a0000000, 0x00000000bb680000, 0x00000000e0000000)
  object space 449024K, 22% used [0x00000000a0000000,0x00000000a645be80,0x00000000bb680000)
 Metaspace       used 104218K, capacity 111238K, committed 117248K, reserved 1150976K
  class space    used 12748K, capacity 14073K, committed 14848K, reserved 1048576K
}

